[0.008s] Invoking command in '/home/anas/ros2_ws/src/ros2_qml_turtlesim/build/ros2_qml_turtlesim': CMAKE_PREFIX_PATH=${CMAKE_PREFIX_PATH}:/opt/ros/jazzy DEBUGINFOD_URLS=https://debuginfod.ubuntu.com /usr/bin/cmake /home/anas/ros2_ws/src/ros2_qml_turtlesim -DCMAKE_INSTALL_PREFIX=/home/anas/ros2_ws/src/ros2_qml_turtlesim/install/ros2_qml_turtlesim
[0.087s] -- The C compiler identification is GNU 13.2.0
[0.195s] -- The CXX compiler identification is GNU 13.2.0
[0.223s] -- Detecting C compiler ABI info
[0.379s] -- Detecting C compiler ABI info - done
[0.398s] -- Check for working C compiler: /usr/bin/cc - skipped
[0.399s] -- Detecting C compile features
[0.400s] -- Detecting C compile features - done
[0.416s] -- Detecting CXX compiler ABI info
[0.593s] -- Detecting CXX compiler ABI info - done
[0.614s] -- Check for working CXX compiler: /usr/bin/c++ - skipped
[0.614s] -- Detecting CXX compile features
[0.615s] -- Detecting CXX compile features - done
[0.620s] -- Found ament_cmake: 2.5.2 (/opt/ros/jazzy/share/ament_cmake/cmake)
[0.896s] -- Found Python3: /usr/bin/python3 (found version "3.12.3") found components: Interpreter 
[1.014s] -- Found rclcpp: 28.1.3 (/opt/ros/jazzy/share/rclcpp/cmake)
[1.069s] -- Found rosidl_generator_c: 4.6.3 (/opt/ros/jazzy/share/rosidl_generator_c/cmake)
[1.081s] -- Found rosidl_generator_cpp: 4.6.3 (/opt/ros/jazzy/share/rosidl_generator_cpp/cmake)
[1.094s] -- Using all available rosidl_typesupport_c: rosidl_typesupport_fastrtps_c;rosidl_typesupport_introspection_c
[1.111s] -- Using all available rosidl_typesupport_cpp: rosidl_typesupport_fastrtps_cpp;rosidl_typesupport_introspection_cpp
[1.180s] -- Found rmw_implementation_cmake: 7.3.1 (/opt/ros/jazzy/share/rmw_implementation_cmake/cmake)
[1.182s] -- Found rmw_fastrtps_cpp: 8.4.1 (/opt/ros/jazzy/share/rmw_fastrtps_cpp/cmake)
[1.254s] -- Found OpenSSL: /usr/lib/x86_64-linux-gnu/libcrypto.so (found version "3.0.13")  
[1.278s] -- Found FastRTPS: /opt/ros/jazzy/include (Required is at least version "2.13") 
[1.301s] -- Using RMW implementation 'rmw_fastrtps_cpp' as default
[1.370s] -- Found std_msgs: 5.3.5 (/opt/ros/jazzy/share/std_msgs/cmake)
[1.509s] -- Configuring done (1.5s)
[1.538s] -- Generating done (0.0s)
[1.542s] -- Build files have been written to: /home/anas/ros2_ws/src/ros2_qml_turtlesim/build/ros2_qml_turtlesim
[1.561s] Invoked command in '/home/anas/ros2_ws/src/ros2_qml_turtlesim/build/ros2_qml_turtlesim' returned '0': CMAKE_PREFIX_PATH=${CMAKE_PREFIX_PATH}:/opt/ros/jazzy DEBUGINFOD_URLS=https://debuginfod.ubuntu.com /usr/bin/cmake /home/anas/ros2_ws/src/ros2_qml_turtlesim -DCMAKE_INSTALL_PREFIX=/home/anas/ros2_ws/src/ros2_qml_turtlesim/install/ros2_qml_turtlesim
[1.563s] Invoking command in '/home/anas/ros2_ws/src/ros2_qml_turtlesim/build/ros2_qml_turtlesim': CMAKE_PREFIX_PATH=${CMAKE_PREFIX_PATH}:/opt/ros/jazzy DEBUGINFOD_URLS=https://debuginfod.ubuntu.com /usr/bin/cmake --build /home/anas/ros2_ws/src/ros2_qml_turtlesim/build/ros2_qml_turtlesim -- -j8 -l8
[1.654s] [  0%] Built target ros2_qml_turtlesim_autogen_timestamp_deps
[1.689s] [ 14%] [34m[1mAutomatic MOC and UIC for target ros2_qml_turtlesim[0m
[1.762s] [ 14%] Built target ros2_qml_turtlesim_autogen
[1.780s] [ 28%] [34m[1mAutomatic RCC for src/qml.qrc[0m
[1.845s] [ 42%] [32mBuilding CXX object CMakeFiles/ros2_qml_turtlesim.dir/ros2_qml_turtlesim_autogen/mocs_compilation.cpp.o[0m
[1.845s] [ 71%] [32mBuilding CXX object CMakeFiles/ros2_qml_turtlesim.dir/src/main.cpp.o[0m
[1.845s] [ 71%] [32mBuilding CXX object CMakeFiles/ros2_qml_turtlesim.dir/ros2_qml_turtlesim_autogen/UVLADIE3JM/qrc_qml.cpp.o[0m
[2.953s] [ 85%] [32m[1mLinking CXX executable ros2_qml_turtlesim[0m
[3.306s] [100%] Built target ros2_qml_turtlesim
[3.317s] Invoked command in '/home/anas/ros2_ws/src/ros2_qml_turtlesim/build/ros2_qml_turtlesim' returned '0': CMAKE_PREFIX_PATH=${CMAKE_PREFIX_PATH}:/opt/ros/jazzy DEBUGINFOD_URLS=https://debuginfod.ubuntu.com /usr/bin/cmake --build /home/anas/ros2_ws/src/ros2_qml_turtlesim/build/ros2_qml_turtlesim -- -j8 -l8
[3.349s] Invoking command in '/home/anas/ros2_ws/src/ros2_qml_turtlesim/build/ros2_qml_turtlesim': CMAKE_PREFIX_PATH=${CMAKE_PREFIX_PATH}:/opt/ros/jazzy DEBUGINFOD_URLS=https://debuginfod.ubuntu.com /usr/bin/cmake --install /home/anas/ros2_ws/src/ros2_qml_turtlesim/build/ros2_qml_turtlesim
[3.358s] -- Install configuration: ""
[3.358s] -- Installing: /home/anas/ros2_ws/src/ros2_qml_turtlesim/install/ros2_qml_turtlesim/bin/ros2_qml_turtlesim
[3.358s] -- Set non-toolchain portion of runtime path of "/home/anas/ros2_ws/src/ros2_qml_turtlesim/install/ros2_qml_turtlesim/bin/ros2_qml_turtlesim" to ""
[3.359s] -- Installing: /home/anas/ros2_ws/src/ros2_qml_turtlesim/install/ros2_qml_turtlesim/share/ament_index/resource_index/package_run_dependencies/ros2_qml_turtlesim
[3.359s] -- Installing: /home/anas/ros2_ws/src/ros2_qml_turtlesim/install/ros2_qml_turtlesim/share/ament_index/resource_index/parent_prefix_path/ros2_qml_turtlesim
[3.359s] -- Installing: /home/anas/ros2_ws/src/ros2_qml_turtlesim/install/ros2_qml_turtlesim/share/ros2_qml_turtlesim/environment/ament_prefix_path.sh
[3.359s] -- Installing: /home/anas/ros2_ws/src/ros2_qml_turtlesim/install/ros2_qml_turtlesim/share/ros2_qml_turtlesim/environment/ament_prefix_path.dsv
[3.360s] -- Installing: /home/anas/ros2_ws/src/ros2_qml_turtlesim/install/ros2_qml_turtlesim/share/ros2_qml_turtlesim/environment/path.sh
[3.360s] -- Installing: /home/anas/ros2_ws/src/ros2_qml_turtlesim/install/ros2_qml_turtlesim/share/ros2_qml_turtlesim/environment/path.dsv
[3.360s] -- Installing: /home/anas/ros2_ws/src/ros2_qml_turtlesim/install/ros2_qml_turtlesim/share/ros2_qml_turtlesim/local_setup.bash
[3.360s] -- Installing: /home/anas/ros2_ws/src/ros2_qml_turtlesim/install/ros2_qml_turtlesim/share/ros2_qml_turtlesim/local_setup.sh
[3.361s] -- Installing: /home/anas/ros2_ws/src/ros2_qml_turtlesim/install/ros2_qml_turtlesim/share/ros2_qml_turtlesim/local_setup.zsh
[3.361s] -- Installing: /home/anas/ros2_ws/src/ros2_qml_turtlesim/install/ros2_qml_turtlesim/share/ros2_qml_turtlesim/local_setup.dsv
[3.361s] -- Installing: /home/anas/ros2_ws/src/ros2_qml_turtlesim/install/ros2_qml_turtlesim/share/ros2_qml_turtlesim/package.dsv
[3.361s] -- Installing: /home/anas/ros2_ws/src/ros2_qml_turtlesim/install/ros2_qml_turtlesim/share/ament_index/resource_index/packages/ros2_qml_turtlesim
[3.361s] -- Installing: /home/anas/ros2_ws/src/ros2_qml_turtlesim/install/ros2_qml_turtlesim/share/ros2_qml_turtlesim/cmake/ros2_qml_turtlesimConfig.cmake
[3.361s] -- Installing: /home/anas/ros2_ws/src/ros2_qml_turtlesim/install/ros2_qml_turtlesim/share/ros2_qml_turtlesim/cmake/ros2_qml_turtlesimConfig-version.cmake
[3.362s] -- Installing: /home/anas/ros2_ws/src/ros2_qml_turtlesim/install/ros2_qml_turtlesim/share/ros2_qml_turtlesim/package.xml
[3.363s] Invoked command in '/home/anas/ros2_ws/src/ros2_qml_turtlesim/build/ros2_qml_turtlesim' returned '0': CMAKE_PREFIX_PATH=${CMAKE_PREFIX_PATH}:/opt/ros/jazzy DEBUGINFOD_URLS=https://debuginfod.ubuntu.com /usr/bin/cmake --install /home/anas/ros2_ws/src/ros2_qml_turtlesim/build/ros2_qml_turtlesim
