-- Found ament_cmake: 2.5.2 (/opt/ros/jazzy/share/ament_cmake/cmake)
-- Found rclcpp: 28.1.3 (/opt/ros/jazzy/share/rclcpp/cmake)
-- Found rosidl_generator_c: 4.6.3 (/opt/ros/jazzy/share/rosidl_generator_c/cmake)
-- Found rosidl_generator_cpp: 4.6.3 (/opt/ros/jazzy/share/rosidl_generator_cpp/cmake)
-- Using all available rosidl_typesupport_c: rosidl_typesupport_fastrtps_c;rosidl_typesupport_introspection_c
-- Using all available rosidl_typesupport_cpp: rosidl_typesupport_fastrtps_cpp;rosidl_typesupport_introspection_cpp
-- Found rmw_implementation_cmake: 7.3.1 (/opt/ros/jazzy/share/rmw_implementation_cmake/cmake)
-- Found rmw_fastrtps_cpp: 8.4.1 (/opt/ros/jazzy/share/rmw_fastrtps_cpp/cmake)
-- Using RMW implementation 'rmw_fastrtps_cpp' as default
-- Found std_msgs: 5.3.5 (/opt/ros/jazzy/share/std_msgs/cmake)
-- Found geometry_msgs: 5.3.5 (/opt/ros/jazzy/share/geometry_msgs/cmake)
-- Configuring done (0.7s)
-- Generating done (0.1s)
-- Build files have been written to: /home/anas/ros2_ws/src/ros2_qml_turtlesim/build/ros2_qml_turtlesim
[  0%] Built target ros2_qml_turtlesim_autogen_timestamp_deps
[ 12%] [34m[1mAutomatic MOC and UIC for target ros2_qml_turtlesim[0m
[ 12%] Built target ros2_qml_turtlesim_autogen
[ 25%] [34m[1mAutomatic RCC for src/qml.qrc[0m
[ 37%] [32mBuilding CXX object CMakeFiles/ros2_qml_turtlesim.dir/ros2_qml_turtlesim_autogen/mocs_compilation.cpp.o[0m
[ 50%] [32mBuilding CXX object CMakeFiles/ros2_qml_turtlesim.dir/src/main.cpp.o[0m
[ 75%] [32mBuilding CXX object CMakeFiles/ros2_qml_turtlesim.dir/ros2_qml_turtlesim_autogen/UVLADIE3JM/qrc_qml.cpp.o[0m
[ 75%] [32mBuilding CXX object CMakeFiles/ros2_qml_turtlesim.dir/src/rclcomm.cpp.o[0m
[ 87%] [32m[1mLinking CXX executable ros2_qml_turtlesim[0m
[100%] Built target ros2_qml_turtlesim
-- Install configuration: ""
-- Installing: /home/anas/ros2_ws/src/ros2_qml_turtlesim/install/ros2_qml_turtlesim/bin/ros2_qml_turtlesim
-- Set non-toolchain portion of runtime path of "/home/anas/ros2_ws/src/ros2_qml_turtlesim/install/ros2_qml_turtlesim/bin/ros2_qml_turtlesim" to ""
-- Up-to-date: /home/anas/ros2_ws/src/ros2_qml_turtlesim/install/ros2_qml_turtlesim/share/ament_index/resource_index/package_run_dependencies/ros2_qml_turtlesim
-- Installing: /home/anas/ros2_ws/src/ros2_qml_turtlesim/install/ros2_qml_turtlesim/share/ament_index/resource_index/parent_prefix_path/ros2_qml_turtlesim
-- Up-to-date: /home/anas/ros2_ws/src/ros2_qml_turtlesim/install/ros2_qml_turtlesim/share/ros2_qml_turtlesim/environment/ament_prefix_path.sh
-- Up-to-date: /home/anas/ros2_ws/src/ros2_qml_turtlesim/install/ros2_qml_turtlesim/share/ros2_qml_turtlesim/environment/ament_prefix_path.dsv
-- Up-to-date: /home/anas/ros2_ws/src/ros2_qml_turtlesim/install/ros2_qml_turtlesim/share/ros2_qml_turtlesim/environment/path.sh
-- Up-to-date: /home/anas/ros2_ws/src/ros2_qml_turtlesim/install/ros2_qml_turtlesim/share/ros2_qml_turtlesim/environment/path.dsv
-- Up-to-date: /home/anas/ros2_ws/src/ros2_qml_turtlesim/install/ros2_qml_turtlesim/share/ros2_qml_turtlesim/local_setup.bash
-- Up-to-date: /home/anas/ros2_ws/src/ros2_qml_turtlesim/install/ros2_qml_turtlesim/share/ros2_qml_turtlesim/local_setup.sh
-- Up-to-date: /home/anas/ros2_ws/src/ros2_qml_turtlesim/install/ros2_qml_turtlesim/share/ros2_qml_turtlesim/local_setup.zsh
-- Up-to-date: /home/anas/ros2_ws/src/ros2_qml_turtlesim/install/ros2_qml_turtlesim/share/ros2_qml_turtlesim/local_setup.dsv
-- Installing: /home/anas/ros2_ws/src/ros2_qml_turtlesim/install/ros2_qml_turtlesim/share/ros2_qml_turtlesim/package.dsv
-- Up-to-date: /home/anas/ros2_ws/src/ros2_qml_turtlesim/install/ros2_qml_turtlesim/share/ament_index/resource_index/packages/ros2_qml_turtlesim
-- Up-to-date: /home/anas/ros2_ws/src/ros2_qml_turtlesim/install/ros2_qml_turtlesim/share/ros2_qml_turtlesim/cmake/ros2_qml_turtlesimConfig.cmake
-- Up-to-date: /home/anas/ros2_ws/src/ros2_qml_turtlesim/install/ros2_qml_turtlesim/share/ros2_qml_turtlesim/cmake/ros2_qml_turtlesimConfig-version.cmake
-- Up-to-date: /home/anas/ros2_ws/src/ros2_qml_turtlesim/install/ros2_qml_turtlesim/share/ros2_qml_turtlesim/package.xml
