[0.011s] Invoking command in '/home/anas/ros2_ws/src/ros2_qml_turtlesim/build/ros2_qml_turtlesim': CMAKE_PREFIX_PATH=${CMAKE_PREFIX_PATH}:/opt/ros/jazzy DEBUGINFOD_URLS=https://debuginfod.ubuntu.com /usr/bin/cmake --build /home/anas/ros2_ws/src/ros2_qml_turtlesim/build/ros2_qml_turtlesim -- -j8 -l8
[0.038s] -- Found ament_cmake: 2.5.2 (/opt/ros/jazzy/share/ament_cmake/cmake)
[0.334s] -- Found rclcpp: 28.1.3 (/opt/ros/jazzy/share/rclcpp/cmake)
[0.373s] -- Found rosidl_generator_c: 4.6.3 (/opt/ros/jazzy/share/rosidl_generator_c/cmake)
[0.388s] -- Found rosidl_generator_cpp: 4.6.3 (/opt/ros/jazzy/share/rosidl_generator_cpp/cmake)
[0.401s] -- Using all available rosidl_typesupport_c: rosidl_typesupport_fastrtps_c;rosidl_typesupport_introspection_c
[0.414s] -- Using all available rosidl_typesupport_cpp: rosidl_typesupport_fastrtps_cpp;rosidl_typesupport_introspection_cpp
[0.472s] -- Found rmw_implementation_cmake: 7.3.1 (/opt/ros/jazzy/share/rmw_implementation_cmake/cmake)
[0.473s] -- Found rmw_fastrtps_cpp: 8.4.1 (/opt/ros/jazzy/share/rmw_fastrtps_cpp/cmake)
[0.535s] -- Using RMW implementation 'rmw_fastrtps_cpp' as default
[0.598s] -- Found std_msgs: 5.3.5 (/opt/ros/jazzy/share/std_msgs/cmake)
[0.613s] -- Found geometry_msgs: 5.3.5 (/opt/ros/jazzy/share/geometry_msgs/cmake)
[0.752s] -- Configuring done (0.7s)
[0.883s] -- Generating done (0.1s)
[0.885s] -- Build files have been written to: /home/anas/ros2_ws/src/ros2_qml_turtlesim/build/ros2_qml_turtlesim
[0.923s] [  0%] Built target ros2_qml_turtlesim_autogen_timestamp_deps
[0.961s] [ 12%] [34m[1mAutomatic MOC and UIC for target ros2_qml_turtlesim[0m
[1.304s] [ 12%] Built target ros2_qml_turtlesim_autogen
[1.317s] [ 25%] [34m[1mAutomatic RCC for src/qml.qrc[0m
[1.398s] [ 37%] [32mBuilding CXX object CMakeFiles/ros2_qml_turtlesim.dir/ros2_qml_turtlesim_autogen/mocs_compilation.cpp.o[0m
[1.399s] [ 50%] [32mBuilding CXX object CMakeFiles/ros2_qml_turtlesim.dir/src/main.cpp.o[0m
[1.400s] [ 75%] [32mBuilding CXX object CMakeFiles/ros2_qml_turtlesim.dir/ros2_qml_turtlesim_autogen/UVLADIE3JM/qrc_qml.cpp.o[0m
[1.400s] [ 75%] [32mBuilding CXX object CMakeFiles/ros2_qml_turtlesim.dir/src/rclcomm.cpp.o[0m
[6.375s] [ 87%] [32m[1mLinking CXX executable ros2_qml_turtlesim[0m
[7.512s] [100%] Built target ros2_qml_turtlesim
[7.523s] Invoked command in '/home/anas/ros2_ws/src/ros2_qml_turtlesim/build/ros2_qml_turtlesim' returned '0': CMAKE_PREFIX_PATH=${CMAKE_PREFIX_PATH}:/opt/ros/jazzy DEBUGINFOD_URLS=https://debuginfod.ubuntu.com /usr/bin/cmake --build /home/anas/ros2_ws/src/ros2_qml_turtlesim/build/ros2_qml_turtlesim -- -j8 -l8
[7.589s] Invoking command in '/home/anas/ros2_ws/src/ros2_qml_turtlesim/build/ros2_qml_turtlesim': CMAKE_PREFIX_PATH=${CMAKE_PREFIX_PATH}:/opt/ros/jazzy DEBUGINFOD_URLS=https://debuginfod.ubuntu.com /usr/bin/cmake --install /home/anas/ros2_ws/src/ros2_qml_turtlesim/build/ros2_qml_turtlesim
[7.604s] -- Install configuration: ""
[7.604s] -- Installing: /home/anas/ros2_ws/src/ros2_qml_turtlesim/install/ros2_qml_turtlesim/bin/ros2_qml_turtlesim
[7.606s] -- Set non-toolchain portion of runtime path of "/home/anas/ros2_ws/src/ros2_qml_turtlesim/install/ros2_qml_turtlesim/bin/ros2_qml_turtlesim" to ""
[7.606s] -- Up-to-date: /home/anas/ros2_ws/src/ros2_qml_turtlesim/install/ros2_qml_turtlesim/share/ament_index/resource_index/package_run_dependencies/ros2_qml_turtlesim
[7.606s] -- Installing: /home/anas/ros2_ws/src/ros2_qml_turtlesim/install/ros2_qml_turtlesim/share/ament_index/resource_index/parent_prefix_path/ros2_qml_turtlesim
[7.606s] -- Up-to-date: /home/anas/ros2_ws/src/ros2_qml_turtlesim/install/ros2_qml_turtlesim/share/ros2_qml_turtlesim/environment/ament_prefix_path.sh
[7.607s] -- Up-to-date: /home/anas/ros2_ws/src/ros2_qml_turtlesim/install/ros2_qml_turtlesim/share/ros2_qml_turtlesim/environment/ament_prefix_path.dsv
[7.607s] -- Up-to-date: /home/anas/ros2_ws/src/ros2_qml_turtlesim/install/ros2_qml_turtlesim/share/ros2_qml_turtlesim/environment/path.sh
[7.607s] -- Up-to-date: /home/anas/ros2_ws/src/ros2_qml_turtlesim/install/ros2_qml_turtlesim/share/ros2_qml_turtlesim/environment/path.dsv
[7.607s] -- Up-to-date: /home/anas/ros2_ws/src/ros2_qml_turtlesim/install/ros2_qml_turtlesim/share/ros2_qml_turtlesim/local_setup.bash
[7.608s] -- Up-to-date: /home/anas/ros2_ws/src/ros2_qml_turtlesim/install/ros2_qml_turtlesim/share/ros2_qml_turtlesim/local_setup.sh
[7.608s] -- Up-to-date: /home/anas/ros2_ws/src/ros2_qml_turtlesim/install/ros2_qml_turtlesim/share/ros2_qml_turtlesim/local_setup.zsh
[7.608s] -- Up-to-date: /home/anas/ros2_ws/src/ros2_qml_turtlesim/install/ros2_qml_turtlesim/share/ros2_qml_turtlesim/local_setup.dsv
[7.608s] -- Installing: /home/anas/ros2_ws/src/ros2_qml_turtlesim/install/ros2_qml_turtlesim/share/ros2_qml_turtlesim/package.dsv
[7.608s] -- Up-to-date: /home/anas/ros2_ws/src/ros2_qml_turtlesim/install/ros2_qml_turtlesim/share/ament_index/resource_index/packages/ros2_qml_turtlesim
[7.608s] -- Up-to-date: /home/anas/ros2_ws/src/ros2_qml_turtlesim/install/ros2_qml_turtlesim/share/ros2_qml_turtlesim/cmake/ros2_qml_turtlesimConfig.cmake
[7.608s] -- Up-to-date: /home/anas/ros2_ws/src/ros2_qml_turtlesim/install/ros2_qml_turtlesim/share/ros2_qml_turtlesim/cmake/ros2_qml_turtlesimConfig-version.cmake
[7.609s] -- Up-to-date: /home/anas/ros2_ws/src/ros2_qml_turtlesim/install/ros2_qml_turtlesim/share/ros2_qml_turtlesim/package.xml
[7.611s] Invoked command in '/home/anas/ros2_ws/src/ros2_qml_turtlesim/build/ros2_qml_turtlesim' returned '0': CMAKE_PREFIX_PATH=${CMAKE_PREFIX_PATH}:/opt/ros/jazzy DEBUGINFOD_URLS=https://debuginfod.ubuntu.com /usr/bin/cmake --install /home/anas/ros2_ws/src/ros2_qml_turtlesim/build/ros2_qml_turtlesim
