[0.099s] DEBUG:colcon:Command line arguments: ['/usr/bin/colcon', 'build']
[0.099s] DEBUG:colcon:Parsed command line arguments: Namespace(log_base=None, log_level=None, verb_name='build', build_base='build', install_base='install', merge_install=False, symlink_install=False, test_result_base=None, continue_on_error=False, executor='parallel', parallel_workers=8, event_handlers=None, ignore_user_meta=False, metas=['./colcon.meta'], base_paths=['.'], packages_ignore=None, packages_ignore_regex=None, paths=None, packages_up_to=None, packages_up_to_regex=None, packages_above=None, packages_above_and_dependencies=None, packages_above_depth=None, packages_select_by_dep=None, packages_skip_by_dep=None, packages_skip_up_to=None, packages_select_build_failed=False, packages_skip_build_finished=False, packages_select_test_failures=False, packages_skip_test_passed=False, packages_select=None, packages_skip=None, packages_select_regex=None, packages_skip_regex=None, packages_start=None, packages_end=None, allow_overriding=[], cmake_args=None, cmake_target=None, cmake_target_skip_unavailable=False, cmake_clean_cache=False, cmake_clean_first=False, cmake_force_configure=False, ament_cmake_args=None, catkin_cmake_args=None, catkin_skip_building_tests=False, mixin_files=None, mixin=None, verb_parser=<colcon_mixin.mixin.mixin_argument.MixinArgumentDecorator object at 0x7611f7e8ca40>, verb_extension=<colcon_core.verb.build.BuildVerb object at 0x7611f7e8c6e0>, main=<bound method BuildVerb.main of <colcon_core.verb.build.BuildVerb object at 0x7611f7e8c6e0>>, mixin_verb=('build',))
[0.134s] Level 1:colcon.colcon_core.package_discovery:discover_packages(colcon_meta) check parameters
[0.134s] Level 1:colcon.colcon_core.package_discovery:discover_packages(recursive) check parameters
[0.134s] Level 1:colcon.colcon_core.package_discovery:discover_packages(ignore) check parameters
[0.134s] Level 1:colcon.colcon_core.package_discovery:discover_packages(path) check parameters
[0.134s] Level 1:colcon.colcon_core.package_discovery:discover_packages(colcon_meta) discover
[0.134s] Level 1:colcon.colcon_core.package_discovery:discover_packages(recursive) discover
[0.134s] INFO:colcon.colcon_core.package_discovery:Crawling recursively for packages in '/home/anas/ros2_ws/src/ros2_qml_turtlesim'
[0.134s] Level 1:colcon.colcon_core.package_identification:_identify(.) by extensions ['ignore', 'ignore_ament_install']
[0.134s] Level 1:colcon.colcon_core.package_identification:_identify(.) by extension 'ignore'
[0.134s] Level 1:colcon.colcon_core.package_identification:_identify(.) by extension 'ignore_ament_install'
[0.134s] Level 1:colcon.colcon_core.package_identification:_identify(.) by extensions ['colcon_pkg']
[0.134s] Level 1:colcon.colcon_core.package_identification:_identify(.) by extension 'colcon_pkg'
[0.134s] Level 1:colcon.colcon_core.package_identification:_identify(.) by extensions ['colcon_meta']
[0.134s] Level 1:colcon.colcon_core.package_identification:_identify(.) by extension 'colcon_meta'
[0.134s] Level 1:colcon.colcon_core.package_identification:_identify(.) by extensions ['ros']
[0.134s] Level 1:colcon.colcon_core.package_identification:_identify(.) by extension 'ros'
[0.162s] DEBUG:colcon.colcon_core.package_identification:Package '.' with type 'ros.ament_cmake' and name 'ros2_qml_turtlesim'
[0.162s] Level 1:colcon.colcon_core.package_discovery:discover_packages(recursive) using defaults
[0.162s] Level 1:colcon.colcon_core.package_discovery:discover_packages(ignore) discover
[0.162s] Level 1:colcon.colcon_core.package_discovery:discover_packages(ignore) using defaults
[0.162s] Level 1:colcon.colcon_core.package_discovery:discover_packages(path) discover
[0.162s] Level 1:colcon.colcon_core.package_discovery:discover_packages(path) using defaults
[0.179s] Level 1:colcon.colcon_core.package_discovery:discover_packages(prefix_path) check parameters
[0.179s] Level 1:colcon.colcon_core.package_discovery:discover_packages(prefix_path) discover
[0.181s] DEBUG:colcon.colcon_installed_package_information.package_discovery:Found 264 installed packages in /opt/ros/jazzy
[0.182s] Level 1:colcon.colcon_core.package_discovery:discover_packages(prefix_path) using defaults
[0.214s] Level 5:colcon.colcon_core.verb:set package 'ros2_qml_turtlesim' build argument 'cmake_args' from command line to 'None'
[0.214s] Level 5:colcon.colcon_core.verb:set package 'ros2_qml_turtlesim' build argument 'cmake_target' from command line to 'None'
[0.214s] Level 5:colcon.colcon_core.verb:set package 'ros2_qml_turtlesim' build argument 'cmake_target_skip_unavailable' from command line to 'False'
[0.214s] Level 5:colcon.colcon_core.verb:set package 'ros2_qml_turtlesim' build argument 'cmake_clean_cache' from command line to 'False'
[0.214s] Level 5:colcon.colcon_core.verb:set package 'ros2_qml_turtlesim' build argument 'cmake_clean_first' from command line to 'False'
[0.214s] Level 5:colcon.colcon_core.verb:set package 'ros2_qml_turtlesim' build argument 'cmake_force_configure' from command line to 'False'
[0.214s] Level 5:colcon.colcon_core.verb:set package 'ros2_qml_turtlesim' build argument 'ament_cmake_args' from command line to 'None'
[0.214s] Level 5:colcon.colcon_core.verb:set package 'ros2_qml_turtlesim' build argument 'catkin_cmake_args' from command line to 'None'
[0.214s] Level 5:colcon.colcon_core.verb:set package 'ros2_qml_turtlesim' build argument 'catkin_skip_building_tests' from command line to 'False'
[0.214s] DEBUG:colcon.colcon_core.verb:Building package 'ros2_qml_turtlesim' with the following arguments: {'ament_cmake_args': None, 'build_base': '/home/anas/ros2_ws/src/ros2_qml_turtlesim/build/ros2_qml_turtlesim', 'catkin_cmake_args': None, 'catkin_skip_building_tests': False, 'cmake_args': None, 'cmake_clean_cache': False, 'cmake_clean_first': False, 'cmake_force_configure': False, 'cmake_target': None, 'cmake_target_skip_unavailable': False, 'install_base': '/home/anas/ros2_ws/src/ros2_qml_turtlesim/install/ros2_qml_turtlesim', 'merge_install': False, 'path': '/home/anas/ros2_ws/src/ros2_qml_turtlesim', 'symlink_install': False, 'test_result_base': None}
[0.214s] INFO:colcon.colcon_core.executor:Executing jobs using 'parallel' executor
[0.215s] DEBUG:colcon.colcon_parallel_executor.executor.parallel:run_until_complete
[0.216s] INFO:colcon.colcon_ros.task.ament_cmake.build:Building ROS package in '/home/anas/ros2_ws/src/ros2_qml_turtlesim' with build type 'ament_cmake'
[0.216s] INFO:colcon.colcon_cmake.task.cmake.build:Building CMake package in '/home/anas/ros2_ws/src/ros2_qml_turtlesim'
[0.217s] INFO:colcon.colcon_core.plugin_system:Skipping extension 'colcon_core.shell.bat': Not used on non-Windows systems
[0.218s] INFO:colcon.colcon_core.shell:Skip shell extension 'powershell' for command environment: Not usable outside of PowerShell
[0.218s] DEBUG:colcon.colcon_core.shell:Skip shell extension 'dsv' for command environment
[0.224s] DEBUG:colcon.colcon_core.event_handler.log_command:Invoking command in '/home/anas/ros2_ws/src/ros2_qml_turtlesim/build/ros2_qml_turtlesim': CMAKE_PREFIX_PATH=${CMAKE_PREFIX_PATH}:/opt/ros/jazzy DEBUGINFOD_URLS=https://debuginfod.ubuntu.com /usr/bin/cmake /home/anas/ros2_ws/src/ros2_qml_turtlesim -DCMAKE_INSTALL_PREFIX=/home/anas/ros2_ws/src/ros2_qml_turtlesim/install/ros2_qml_turtlesim
[1.777s] DEBUG:colcon.colcon_core.event_handler.log_command:Invoked command in '/home/anas/ros2_ws/src/ros2_qml_turtlesim/build/ros2_qml_turtlesim' returned '0': CMAKE_PREFIX_PATH=${CMAKE_PREFIX_PATH}:/opt/ros/jazzy DEBUGINFOD_URLS=https://debuginfod.ubuntu.com /usr/bin/cmake /home/anas/ros2_ws/src/ros2_qml_turtlesim -DCMAKE_INSTALL_PREFIX=/home/anas/ros2_ws/src/ros2_qml_turtlesim/install/ros2_qml_turtlesim
[1.780s] DEBUG:colcon.colcon_core.event_handler.log_command:Invoking command in '/home/anas/ros2_ws/src/ros2_qml_turtlesim/build/ros2_qml_turtlesim': CMAKE_PREFIX_PATH=${CMAKE_PREFIX_PATH}:/opt/ros/jazzy DEBUGINFOD_URLS=https://debuginfod.ubuntu.com /usr/bin/cmake --build /home/anas/ros2_ws/src/ros2_qml_turtlesim/build/ros2_qml_turtlesim -- -j8 -l8
[3.533s] DEBUG:colcon.colcon_core.event_handler.log_command:Invoked command in '/home/anas/ros2_ws/src/ros2_qml_turtlesim/build/ros2_qml_turtlesim' returned '0': CMAKE_PREFIX_PATH=${CMAKE_PREFIX_PATH}:/opt/ros/jazzy DEBUGINFOD_URLS=https://debuginfod.ubuntu.com /usr/bin/cmake --build /home/anas/ros2_ws/src/ros2_qml_turtlesim/build/ros2_qml_turtlesim -- -j8 -l8
[3.566s] DEBUG:colcon.colcon_core.event_handler.log_command:Invoking command in '/home/anas/ros2_ws/src/ros2_qml_turtlesim/build/ros2_qml_turtlesim': CMAKE_PREFIX_PATH=${CMAKE_PREFIX_PATH}:/opt/ros/jazzy DEBUGINFOD_URLS=https://debuginfod.ubuntu.com /usr/bin/cmake --install /home/anas/ros2_ws/src/ros2_qml_turtlesim/build/ros2_qml_turtlesim
[3.579s] Level 1:colcon.colcon_core.environment:create_environment_scripts_only(ros2_qml_turtlesim)
[3.579s] DEBUG:colcon.colcon_core.event_handler.log_command:Invoked command in '/home/anas/ros2_ws/src/ros2_qml_turtlesim/build/ros2_qml_turtlesim' returned '0': CMAKE_PREFIX_PATH=${CMAKE_PREFIX_PATH}:/opt/ros/jazzy DEBUGINFOD_URLS=https://debuginfod.ubuntu.com /usr/bin/cmake --install /home/anas/ros2_ws/src/ros2_qml_turtlesim/build/ros2_qml_turtlesim
[3.581s] Level 1:colcon.colcon_core.environment:checking '/home/anas/ros2_ws/src/ros2_qml_turtlesim/install/ros2_qml_turtlesim' for CMake module files
[3.581s] Level 1:colcon.colcon_core.environment:checking '/home/anas/ros2_ws/src/ros2_qml_turtlesim/install/ros2_qml_turtlesim' for CMake config files
[3.581s] Level 1:colcon.colcon_core.shell:create_environment_hook('ros2_qml_turtlesim', 'cmake_prefix_path')
[3.582s] INFO:colcon.colcon_core.shell:Creating environment hook '/home/anas/ros2_ws/src/ros2_qml_turtlesim/install/ros2_qml_turtlesim/share/ros2_qml_turtlesim/hook/cmake_prefix_path.ps1'
[3.582s] INFO:colcon.colcon_core.shell:Creating environment descriptor '/home/anas/ros2_ws/src/ros2_qml_turtlesim/install/ros2_qml_turtlesim/share/ros2_qml_turtlesim/hook/cmake_prefix_path.dsv'
[3.582s] INFO:colcon.colcon_core.shell:Creating environment hook '/home/anas/ros2_ws/src/ros2_qml_turtlesim/install/ros2_qml_turtlesim/share/ros2_qml_turtlesim/hook/cmake_prefix_path.sh'
[3.583s] Level 1:colcon.colcon_core.environment:checking '/home/anas/ros2_ws/src/ros2_qml_turtlesim/install/ros2_qml_turtlesim/bin'
[3.583s] Level 1:colcon.colcon_core.shell:create_environment_hook('ros2_qml_turtlesim', 'path')
[3.583s] INFO:colcon.colcon_core.shell:Creating environment hook '/home/anas/ros2_ws/src/ros2_qml_turtlesim/install/ros2_qml_turtlesim/share/ros2_qml_turtlesim/hook/path.ps1'
[3.584s] INFO:colcon.colcon_core.shell:Creating environment descriptor '/home/anas/ros2_ws/src/ros2_qml_turtlesim/install/ros2_qml_turtlesim/share/ros2_qml_turtlesim/hook/path.dsv'
[3.584s] INFO:colcon.colcon_core.shell:Creating environment hook '/home/anas/ros2_ws/src/ros2_qml_turtlesim/install/ros2_qml_turtlesim/share/ros2_qml_turtlesim/hook/path.sh'
[3.584s] Level 1:colcon.colcon_core.environment:checking '/home/anas/ros2_ws/src/ros2_qml_turtlesim/install/ros2_qml_turtlesim/lib/pkgconfig/ros2_qml_turtlesim.pc'
[3.584s] Level 1:colcon.colcon_core.environment:checking '/home/anas/ros2_ws/src/ros2_qml_turtlesim/install/ros2_qml_turtlesim/lib/python3.12/site-packages'
[3.585s] Level 1:colcon.colcon_core.environment:checking '/home/anas/ros2_ws/src/ros2_qml_turtlesim/install/ros2_qml_turtlesim/bin'
[3.585s] Level 1:colcon.colcon_core.shell:create_environment_hook('ros2_qml_turtlesim', 'pythonscriptspath')
[3.585s] INFO:colcon.colcon_core.shell:Creating environment hook '/home/anas/ros2_ws/src/ros2_qml_turtlesim/install/ros2_qml_turtlesim/share/ros2_qml_turtlesim/hook/pythonscriptspath.ps1'
[3.585s] INFO:colcon.colcon_core.shell:Creating environment descriptor '/home/anas/ros2_ws/src/ros2_qml_turtlesim/install/ros2_qml_turtlesim/share/ros2_qml_turtlesim/hook/pythonscriptspath.dsv'
[3.585s] INFO:colcon.colcon_core.shell:Creating environment hook '/home/anas/ros2_ws/src/ros2_qml_turtlesim/install/ros2_qml_turtlesim/share/ros2_qml_turtlesim/hook/pythonscriptspath.sh'
[3.586s] INFO:colcon.colcon_core.shell:Creating package script '/home/anas/ros2_ws/src/ros2_qml_turtlesim/install/ros2_qml_turtlesim/share/ros2_qml_turtlesim/package.ps1'
[3.586s] INFO:colcon.colcon_core.shell:Creating package descriptor '/home/anas/ros2_ws/src/ros2_qml_turtlesim/install/ros2_qml_turtlesim/share/ros2_qml_turtlesim/package.dsv'
[3.587s] INFO:colcon.colcon_core.shell:Creating package script '/home/anas/ros2_ws/src/ros2_qml_turtlesim/install/ros2_qml_turtlesim/share/ros2_qml_turtlesim/package.sh'
[3.587s] INFO:colcon.colcon_core.shell:Creating package script '/home/anas/ros2_ws/src/ros2_qml_turtlesim/install/ros2_qml_turtlesim/share/ros2_qml_turtlesim/package.bash'
[3.588s] INFO:colcon.colcon_core.shell:Creating package script '/home/anas/ros2_ws/src/ros2_qml_turtlesim/install/ros2_qml_turtlesim/share/ros2_qml_turtlesim/package.zsh'
[3.588s] Level 1:colcon.colcon_core.environment:create_file_with_runtime_dependencies(/home/anas/ros2_ws/src/ros2_qml_turtlesim/install/ros2_qml_turtlesim/share/colcon-core/packages/ros2_qml_turtlesim)
[3.624s] Level 1:colcon.colcon_core.environment:create_environment_scripts_only(ros2_qml_turtlesim)
[3.624s] Level 1:colcon.colcon_core.environment:checking '/home/anas/ros2_ws/src/ros2_qml_turtlesim/install/ros2_qml_turtlesim' for CMake module files
[3.626s] Level 1:colcon.colcon_core.environment:checking '/home/anas/ros2_ws/src/ros2_qml_turtlesim/install/ros2_qml_turtlesim' for CMake config files
[3.626s] Level 1:colcon.colcon_core.shell:create_environment_hook('ros2_qml_turtlesim', 'cmake_prefix_path')
[3.627s] INFO:colcon.colcon_core.shell:Creating environment hook '/home/anas/ros2_ws/src/ros2_qml_turtlesim/install/ros2_qml_turtlesim/share/ros2_qml_turtlesim/hook/cmake_prefix_path.ps1'
[3.628s] INFO:colcon.colcon_core.shell:Creating environment descriptor '/home/anas/ros2_ws/src/ros2_qml_turtlesim/install/ros2_qml_turtlesim/share/ros2_qml_turtlesim/hook/cmake_prefix_path.dsv'
[3.628s] INFO:colcon.colcon_core.shell:Creating environment hook '/home/anas/ros2_ws/src/ros2_qml_turtlesim/install/ros2_qml_turtlesim/share/ros2_qml_turtlesim/hook/cmake_prefix_path.sh'
[3.629s] Level 1:colcon.colcon_core.environment:checking '/home/anas/ros2_ws/src/ros2_qml_turtlesim/install/ros2_qml_turtlesim/bin'
[3.629s] Level 1:colcon.colcon_core.shell:create_environment_hook('ros2_qml_turtlesim', 'path')
[3.630s] INFO:colcon.colcon_core.shell:Creating environment hook '/home/anas/ros2_ws/src/ros2_qml_turtlesim/install/ros2_qml_turtlesim/share/ros2_qml_turtlesim/hook/path.ps1'
[3.630s] INFO:colcon.colcon_core.shell:Creating environment descriptor '/home/anas/ros2_ws/src/ros2_qml_turtlesim/install/ros2_qml_turtlesim/share/ros2_qml_turtlesim/hook/path.dsv'
[3.631s] INFO:colcon.colcon_core.shell:Creating environment hook '/home/anas/ros2_ws/src/ros2_qml_turtlesim/install/ros2_qml_turtlesim/share/ros2_qml_turtlesim/hook/path.sh'
[3.631s] Level 1:colcon.colcon_core.environment:checking '/home/anas/ros2_ws/src/ros2_qml_turtlesim/install/ros2_qml_turtlesim/lib/pkgconfig/ros2_qml_turtlesim.pc'
[3.632s] Level 1:colcon.colcon_core.environment:checking '/home/anas/ros2_ws/src/ros2_qml_turtlesim/install/ros2_qml_turtlesim/lib/python3.12/site-packages'
[3.632s] Level 1:colcon.colcon_core.environment:checking '/home/anas/ros2_ws/src/ros2_qml_turtlesim/install/ros2_qml_turtlesim/bin'
[3.632s] Level 1:colcon.colcon_core.shell:create_environment_hook('ros2_qml_turtlesim', 'pythonscriptspath')
[3.633s] INFO:colcon.colcon_core.shell:Creating environment hook '/home/anas/ros2_ws/src/ros2_qml_turtlesim/install/ros2_qml_turtlesim/share/ros2_qml_turtlesim/hook/pythonscriptspath.ps1'
[3.633s] INFO:colcon.colcon_core.shell:Creating environment descriptor '/home/anas/ros2_ws/src/ros2_qml_turtlesim/install/ros2_qml_turtlesim/share/ros2_qml_turtlesim/hook/pythonscriptspath.dsv'
[3.634s] INFO:colcon.colcon_core.shell:Creating environment hook '/home/anas/ros2_ws/src/ros2_qml_turtlesim/install/ros2_qml_turtlesim/share/ros2_qml_turtlesim/hook/pythonscriptspath.sh'
[3.635s] INFO:colcon.colcon_core.shell:Creating package script '/home/anas/ros2_ws/src/ros2_qml_turtlesim/install/ros2_qml_turtlesim/share/ros2_qml_turtlesim/package.ps1'
[3.636s] INFO:colcon.colcon_core.shell:Creating package descriptor '/home/anas/ros2_ws/src/ros2_qml_turtlesim/install/ros2_qml_turtlesim/share/ros2_qml_turtlesim/package.dsv'
[3.637s] INFO:colcon.colcon_core.shell:Creating package script '/home/anas/ros2_ws/src/ros2_qml_turtlesim/install/ros2_qml_turtlesim/share/ros2_qml_turtlesim/package.sh'
[3.638s] INFO:colcon.colcon_core.shell:Creating package script '/home/anas/ros2_ws/src/ros2_qml_turtlesim/install/ros2_qml_turtlesim/share/ros2_qml_turtlesim/package.bash'
[3.639s] INFO:colcon.colcon_core.shell:Creating package script '/home/anas/ros2_ws/src/ros2_qml_turtlesim/install/ros2_qml_turtlesim/share/ros2_qml_turtlesim/package.zsh'
[3.639s] Level 1:colcon.colcon_core.environment:create_file_with_runtime_dependencies(/home/anas/ros2_ws/src/ros2_qml_turtlesim/install/ros2_qml_turtlesim/share/colcon-core/packages/ros2_qml_turtlesim)
[3.640s] DEBUG:colcon.colcon_parallel_executor.executor.parallel:closing loop
[3.640s] DEBUG:colcon.colcon_parallel_executor.executor.parallel:loop closed
[3.640s] DEBUG:colcon.colcon_parallel_executor.executor.parallel:run_until_complete finished with '0'
[3.640s] DEBUG:colcon.colcon_core.event_reactor:joining thread
[3.650s] INFO:colcon.colcon_core.plugin_system:Skipping extension 'colcon_notification.desktop_notification.terminal_notifier': Not used on non-Darwin systems
[3.651s] INFO:colcon.colcon_core.plugin_system:Skipping extension 'colcon_notification.desktop_notification.win32': Not used on non-Windows systems
[3.651s] INFO:colcon.colcon_notification.desktop_notification:Sending desktop notification using 'notify2'
[3.680s] DEBUG:colcon.colcon_core.event_reactor:joined thread
[3.681s] INFO:colcon.colcon_core.shell:Creating prefix script '/home/anas/ros2_ws/src/ros2_qml_turtlesim/install/local_setup.ps1'
[3.684s] INFO:colcon.colcon_core.shell:Creating prefix util module '/home/anas/ros2_ws/src/ros2_qml_turtlesim/install/_local_setup_util_ps1.py'
[3.687s] INFO:colcon.colcon_core.shell:Creating prefix chain script '/home/anas/ros2_ws/src/ros2_qml_turtlesim/install/setup.ps1'
[3.690s] INFO:colcon.colcon_core.shell:Creating prefix script '/home/anas/ros2_ws/src/ros2_qml_turtlesim/install/local_setup.sh'
[3.691s] INFO:colcon.colcon_core.shell:Creating prefix util module '/home/anas/ros2_ws/src/ros2_qml_turtlesim/install/_local_setup_util_sh.py'
[3.692s] INFO:colcon.colcon_core.shell:Creating prefix chain script '/home/anas/ros2_ws/src/ros2_qml_turtlesim/install/setup.sh'
[3.694s] INFO:colcon.colcon_core.shell:Creating prefix script '/home/anas/ros2_ws/src/ros2_qml_turtlesim/install/local_setup.bash'
[3.696s] INFO:colcon.colcon_core.shell:Creating prefix chain script '/home/anas/ros2_ws/src/ros2_qml_turtlesim/install/setup.bash'
[3.698s] INFO:colcon.colcon_core.shell:Creating prefix script '/home/anas/ros2_ws/src/ros2_qml_turtlesim/install/local_setup.zsh'
[3.698s] INFO:colcon.colcon_core.shell:Creating prefix chain script '/home/anas/ros2_ws/src/ros2_qml_turtlesim/install/setup.zsh'
